#
# A fatal error has been detected by the Java Runtime Environment:
#
#  Internal Error (classFileParser.cpp:3075), pid=11949, tid=139955149707008
#  Error: ShouldNotReachHere()
#
# JRE version: 6.0_17-b04
# Java VM: Java HotSpot(TM) 64-Bit Server VM (14.3-b01 mixed mode linux-amd64 )
# If you would like to submit a bug report, please visit:
#   http://java.sun.com/webapps/bugreport/crash.jsp
#

---------------  T H R E A D  ---------------

Current thread (0x0000000041253800):  JavaThread "Unknown thread" [_thread_in_vm, id=11955, stack(0x00007f49d8eb9000,0x00007f49d8fba000)]

Stack: [0x00007f49d8eb9000,0x00007f49d8fba000],  sp=0x00007f49d8fb81b0,  free space=1020k
Native frames: (J=compiled Java code, j=interpreted, Vv=VM code, C=native code)
V  [libjvm.so+0x6bd1ef]
V  [libjvm.so+0x2be892]
V  [libjvm.so+0x254180]
V  [libjvm.so+0x25a415]
V  [libjvm.so+0x650eab]
V  [libjvm.so+0x64f222]
V  [libjvm.so+0x64e101]
V  [libjvm.so+0x64dd63]
V  [libjvm.so+0x652220]
V  [libjvm.so+0x6522b1]
V  [libjvm.so+0x652385]
V  [libjvm.so+0x652158]
V  [libjvm.so+0x695c28]
V  [libjvm.so+0x6978a9]
V  [libjvm.so+0x377d18]
V  [libjvm.so+0x67f5af]
V  [libjvm.so+0x3def30]


---------------  P R O C E S S  ---------------

Java Threads: ( => current thread )

Other Threads:

=>0x0000000041253800 (exited) JavaThread "Unknown thread" [_thread_in_vm, id=11955, stack(0x00007f49d8eb9000,0x00007f49d8fba000)]

VM state:not at safepoint (not fully initialized)

VM Mutex/Monitor currently owned by a thread: None

Dynamic libraries:
40000000-40009000 r-xp 00000000 08:01 530408                             /opt/jdk/bin/java
40108000-4010a000 rwxp 00008000 08:01 530408                             /opt/jdk/bin/java
4124b000-412b3000 rwxp 00000000 00:00 0                                  [heap]
7f49a14e1000-7f49a152a000 r-xs 002cf000 08:01 1575437                    /opt/android/platforms/android-4/android.jar
7f49a152a000-7f49a1552000 rwxp 00000000 00:00 0 
7f49a1552000-7f49a1553000 ---p 00000000 00:00 0 
7f49a1553000-7f49a1653000 rwxp 00000000 00:00 0 
7f49a1653000-7f49a1654000 ---p 00000000 00:00 0 
7f49a1654000-7f49a175f000 rwxp 00000000 00:00 0 
7f49a175f000-7f49a177e000 rwxp 00000000 00:00 0 
7f49a177e000-7f49a178e000 rwxp 00000000 00:00 0 
7f49a178e000-7f49a1874000 rwxp 00000000 00:00 0 
7f49a1874000-7f49a187f000 rwxp 00000000 00:00 0 
7f49a187f000-7f49a189e000 rwxp 00000000 00:00 0 
7f49a189e000-7f49a18ae000 rwxp 00000000 00:00 0 
7f49a18ae000-7f49a1994000 rwxp 00000000 00:00 0 
7f49a1994000-7f49a199c000 rwxp 00000000 00:00 0 
7f49a199c000-7f49a1a0f000 rwxp 00000000 00:00 0 
7f49a1a0f000-7f49a2ed0000 rwxp 00000000 00:00 0 
7f49a2ed0000-7f49a6e10000 rwxp 00000000 00:00 0 
7f49a6e10000-7f49a8cd0000 rwxp 00000000 00:00 0 
7f49a8cd0000-7f49c5a10000 rwxp 00000000 00:00 0 
7f49c5a10000-7f49c6970000 rwxp 00000000 00:00 0 
7f49c6970000-7f49d5010000 rwxp 00000000 00:00 0 
7f49d5018000-7f49d5288000 rwxp 00000000 00:00 0 
7f49d5288000-7f49d8018000 rwxp 00000000 00:00 0 
7f49d8018000-7f49d8026000 r-xp 00000000 08:01 922156                     /opt/jdk/jre/lib/amd64/libzip.so
7f49d8026000-7f49d8128000 ---p 0000e000 08:01 922156                     /opt/jdk/jre/lib/amd64/libzip.so
7f49d8128000-7f49d812b000 rwxp 00010000 08:01 922156                     /opt/jdk/jre/lib/amd64/libzip.so
7f49d812b000-7f49d812c000 rwxp 00000000 00:00 0 
7f49d812c000-7f49d8138000 r-xp 00000000 08:01 4984537                    /lib/x86_64-linux-gnu/libnss_files-2.13.so
7f49d8138000-7f49d8337000 ---p 0000c000 08:01 4984537                    /lib/x86_64-linux-gnu/libnss_files-2.13.so
7f49d8337000-7f49d8338000 r-xp 0000b000 08:01 4984537                    /lib/x86_64-linux-gnu/libnss_files-2.13.so
7f49d8338000-7f49d8339000 rwxp 0000c000 08:01 4984537                    /lib/x86_64-linux-gnu/libnss_files-2.13.so
7f49d8339000-7f49d8344000 r-xp 00000000 08:01 4984541                    /lib/x86_64-linux-gnu/libnss_nis-2.13.so
7f49d8344000-7f49d8543000 ---p 0000b000 08:01 4984541                    /lib/x86_64-linux-gnu/libnss_nis-2.13.so
7f49d8543000-7f49d8544000 r-xp 0000a000 08:01 4984541                    /lib/x86_64-linux-gnu/libnss_nis-2.13.so
7f49d8544000-7f49d8545000 rwxp 0000b000 08:01 4984541                    /lib/x86_64-linux-gnu/libnss_nis-2.13.so
7f49d8545000-7f49d854d000 r-xp 00000000 08:01 4984533                    /lib/x86_64-linux-gnu/libnss_compat-2.13.so
7f49d854d000-7f49d874c000 ---p 00008000 08:01 4984533                    /lib/x86_64-linux-gnu/libnss_compat-2.13.so
7f49d874c000-7f49d874d000 r-xp 00007000 08:01 4984533                    /lib/x86_64-linux-gnu/libnss_compat-2.13.so
7f49d874d000-7f49d874e000 rwxp 00008000 08:01 4984533                    /lib/x86_64-linux-gnu/libnss_compat-2.13.so
7f49d874e000-7f49d8755000 r-xp 00000000 08:01 1054006                    /opt/jdk/jre/lib/amd64/native_threads/libhpi.so
7f49d8755000-7f49d8856000 ---p 00007000 08:01 1054006                    /opt/jdk/jre/lib/amd64/native_threads/libhpi.so
7f49d8856000-7f49d8858000 rwxp 00008000 08:01 1054006                    /opt/jdk/jre/lib/amd64/native_threads/libhpi.so
7f49d8858000-7f49d8859000 rwxp 00000000 00:00 0 
7f49d8859000-7f49d8870000 r-xp 00000000 08:01 4984531                    /lib/x86_64-linux-gnu/libnsl-2.13.so
7f49d8870000-7f49d8a6f000 ---p 00017000 08:01 4984531                    /lib/x86_64-linux-gnu/libnsl-2.13.so
7f49d8a6f000-7f49d8a70000 r-xp 00016000 08:01 4984531                    /lib/x86_64-linux-gnu/libnsl-2.13.so
7f49d8a70000-7f49d8a71000 rwxp 00017000 08:01 4984531                    /lib/x86_64-linux-gnu/libnsl-2.13.so
7f49d8a71000-7f49d8a73000 rwxp 00000000 00:00 0 
7f49d8a73000-7f49d8a9c000 r-xp 00000000 08:01 922134                     /opt/jdk/jre/lib/amd64/libjava.so
7f49d8a9c000-7f49d8b9b000 ---p 00029000 08:01 922134                     /opt/jdk/jre/lib/amd64/libjava.so
7f49d8b9b000-7f49d8ba2000 rwxp 00028000 08:01 922134                     /opt/jdk/jre/lib/amd64/libjava.so
7f49d8ba2000-7f49d8baf000 r-xp 00000000 08:01 922155                     /opt/jdk/jre/lib/amd64/libverify.so
7f49d8baf000-7f49d8cae000 ---p 0000d000 08:01 922155                     /opt/jdk/jre/lib/amd64/libverify.so
7f49d8cae000-7f49d8cb1000 rwxp 0000c000 08:01 922155                     /opt/jdk/jre/lib/amd64/libverify.so
7f49d8cb1000-7f49d8cb8000 r-xp 00000000 08:01 4984560                    /lib/x86_64-linux-gnu/librt-2.13.so
7f49d8cb8000-7f49d8eb7000 ---p 00007000 08:01 4984560                    /lib/x86_64-linux-gnu/librt-2.13.so
7f49d8eb7000-7f49d8eb8000 r-xp 00006000 08:01 4984560                    /lib/x86_64-linux-gnu/librt-2.13.so
7f49d8eb8000-7f49d8eb9000 rwxp 00007000 08:01 4984560                    /lib/x86_64-linux-gnu/librt-2.13.so
7f49d8eb9000-7f49d8ebc000 ---p 00000000 00:00 0 
7f49d8ebc000-7f49d8fba000 rwxp 00000000 00:00 0 
7f49d8fba000-7f49d903e000 r-xp 00000000 08:01 4984528                    /lib/x86_64-linux-gnu/libm-2.13.so
7f49d903e000-7f49d923d000 ---p 00084000 08:01 4984528                    /lib/x86_64-linux-gnu/libm-2.13.so
7f49d923d000-7f49d923e000 r-xp 00083000 08:01 4984528                    /lib/x86_64-linux-gnu/libm-2.13.so
7f49d923e000-7f49d923f000 rwxp 00084000 08:01 4984528                    /lib/x86_64-linux-gnu/libm-2.13.so
7f49d923f000-7f49d999d000 r-xp 00000000 08:01 1182769                    /opt/jdk/jre/lib/amd64/server/libjvm.so
7f49d999d000-7f49d9a9c000 ---p 0075e000 08:01 1182769                    /opt/jdk/jre/lib/amd64/server/libjvm.so
7f49d9a9c000-7f49d9c14000 rwxp 0075d000 08:01 1182769                    /opt/jdk/jre/lib/amd64/server/libjvm.so
7f49d9c14000-7f49d9c52000 rwxp 00000000 00:00 0 
7f49d9c52000-7f49d9ddc000 r-xp 00000000 08:01 4984491                    /lib/x86_64-linux-gnu/libc-2.13.so
7f49d9ddc000-7f49d9fdb000 ---p 0018a000 08:01 4984491                    /lib/x86_64-linux-gnu/libc-2.13.so
7f49d9fdb000-7f49d9fdf000 r-xp 00189000 08:01 4984491                    /lib/x86_64-linux-gnu/libc-2.13.so
7f49d9fdf000-7f49d9fe0000 rwxp 0018d000 08:01 4984491                    /lib/x86_64-linux-gnu/libc-2.13.so
7f49d9fe0000-7f49d9fe6000 rwxp 00000000 00:00 0 
7f49d9fe6000-7f49d9fe8000 r-xp 00000000 08:01 4984501                    /lib/x86_64-linux-gnu/libdl-2.13.so
7f49d9fe8000-7f49da1e8000 ---p 00002000 08:01 4984501                    /lib/x86_64-linux-gnu/libdl-2.13.so
7f49da1e8000-7f49da1e9000 r-xp 00002000 08:01 4984501                    /lib/x86_64-linux-gnu/libdl-2.13.so
7f49da1e9000-7f49da1ea000 rwxp 00003000 08:01 4984501                    /lib/x86_64-linux-gnu/libdl-2.13.so
7f49da1ea000-7f49da202000 r-xp 00000000 08:01 4984556                    /lib/x86_64-linux-gnu/libpthread-2.13.so
7f49da202000-7f49da402000 ---p 00018000 08:01 4984556                    /lib/x86_64-linux-gnu/libpthread-2.13.so
7f49da402000-7f49da403000 r-xp 00018000 08:01 4984556                    /lib/x86_64-linux-gnu/libpthread-2.13.so
7f49da403000-7f49da404000 rwxp 00019000 08:01 4984556                    /lib/x86_64-linux-gnu/libpthread-2.13.so
7f49da404000-7f49da408000 rwxp 00000000 00:00 0 
7f49da408000-7f49da429000 r-xp 00000000 08:01 4984478                    /lib/x86_64-linux-gnu/ld-2.13.so
7f49da43c000-7f49da446000 rwxp 00000000 00:00 0 
7f49da446000-7f49da4fc000 rwxp 00000000 00:00 0 
7f49da4fc000-7f49da4ff000 rwxp 00000000 00:00 0 
7f49da4ff000-7f49da506000 r-xp 00000000 08:01 1054002                    /opt/jdk/jre/lib/amd64/jli/libjli.so
7f49da506000-7f49da607000 ---p 00007000 08:01 1054002                    /opt/jdk/jre/lib/amd64/jli/libjli.so
7f49da607000-7f49da609000 rwxp 00008000 08:01 1054002                    /opt/jdk/jre/lib/amd64/jli/libjli.so
7f49da609000-7f49da60a000 rwxp 00000000 00:00 0 
7f49da61c000-7f49da624000 rwxs 00000000 08:01 4849750                    /tmp/hsperfdata_gustavo/11949
7f49da624000-7f49da625000 rwxp 00000000 00:00 0 
7f49da625000-7f49da626000 r-xp 00000000 00:00 0 
7f49da626000-7f49da628000 rwxp 00000000 00:00 0 
7f49da628000-7f49da629000 r-xp 00020000 08:01 4984478                    /lib/x86_64-linux-gnu/ld-2.13.so
7f49da629000-7f49da62b000 rwxp 00021000 08:01 4984478                    /lib/x86_64-linux-gnu/ld-2.13.so
7fffa31a9000-7fffa31ca000 rwxp 00000000 00:00 0                          [stack]
7fffa31ff000-7fffa3200000 r-xp 00000000 00:00 0                          [vdso]
ffffffffff600000-ffffffffff601000 r-xp 00000000 00:00 0                  [vsyscall]

VM Arguments:
jvm_args: -Dfile.encoding=UTF-8 -Xbootclasspath:/opt/android/platforms/android-4/android.jar 
java_command: br.com.event.custom.schedule.Lecture
Launcher Type: SUN_STANDARD

Environment Variables:
JAVA_HOME=/opt/jdk
JRE_HOME=/opt/jdk/jre
PATH=/usr/local/sbin:/usr/local/bin:/usr/sbin:/usr/bin:/sbin:/bin:/usr/games:/opt/jdk/bin:/opt/android/tools:/opt/android/platform-tools
USERNAME=gustavo
LD_LIBRARY_PATH=/opt/jdk/jre/lib/amd64/server:/opt/jdk/jre/lib/amd64:/opt/jdk/jre/../lib/amd64
SHELL=/bin/bash
DISPLAY=:0.0

Signal Handlers:
SIGSEGV: [libjvm.so+0x6bddc0], sa_mask[0]=0x7ffbfeff, sa_flags=0x10000004
SIGBUS: [libjvm.so+0x6bddc0], sa_mask[0]=0x7ffbfeff, sa_flags=0x10000004
SIGFPE: [libjvm.so+0x594f90], sa_mask[0]=0x7ffbfeff, sa_flags=0x10000004
SIGPIPE: [libjvm.so+0x594f90], sa_mask[0]=0x7ffbfeff, sa_flags=0x10000004
SIGXFSZ: [libjvm.so+0x594f90], sa_mask[0]=0x7ffbfeff, sa_flags=0x10000004
SIGILL: [libjvm.so+0x594f90], sa_mask[0]=0x7ffbfeff, sa_flags=0x10000004
SIGUSR1: SIG_DFL, sa_mask[0]=0x00000000, sa_flags=0x00000000
SIGUSR2: [libjvm.so+0x597750], sa_mask[0]=0x00000004, sa_flags=0x10000004
SIGHUP: SIG_DFL, sa_mask[0]=0x00000000, sa_flags=0x00000000
SIGINT: SIG_DFL, sa_mask[0]=0x00000000, sa_flags=0x00000000
SIGTERM: SIG_DFL, sa_mask[0]=0x00000000, sa_flags=0x00000000
SIGQUIT: SIG_DFL, sa_mask[0]=0x00000000, sa_flags=0x00000000


---------------  S Y S T E M  ---------------

OS:squeeze/sid

uname:Linux 2.6.38-10-generic #46-Ubuntu SMP Tue Jun 28 15:07:17 UTC 2011 x86_64
libc:glibc 2.13 NPTL 2.13 
rlimit: STACK 8192k, CORE 0k, NPROC infinity, NOFILE 4096, AS infinity
load average:0.11 0.06 0.06

CPU:total 2 (2 cores per cpu, 1 threads per core) family 6 model 23 stepping 10, cmov, cx8, fxsr, mmx, sse, sse2, sse3, ssse3, sse4.1

Memory: 4k page, physical 3020568k(33660k free), swap 3073020k(3073004k free)

vm_info: Java HotSpot(TM) 64-Bit Server VM (14.3-b01) for linux-amd64 JRE (1.6.0_17-b04), built on Oct 11 2009 01:08:48 by "java_re" with gcc 3.2.2 (SuSE Linux)

time: Mon Jul 18 01:56:13 2011
elapsed time: 0 seconds

